proguard/seeds.txt
cn.smssdk.gui.layout.ContactDetailPageLayout
cn.smssdk.gui.layout.ContactDetailPageLayout: ContactDetailPageLayout(android.content.Context)
cn.smssdk.gui.layout.ContactDetailPageLayout: void onCreateContent(android.widget.LinearLayout)
cn.smssdk.gui.layout.ContactListPageLayout
cn.smssdk.gui.layout.ContactListPageLayout: ContactListPageLayout(android.content.Context)
cn.smssdk.gui.layout.ContactListPageLayout: void onCreateContent(android.widget.LinearLayout)
cn.smssdk.gui.layout.ContactsListviewItemLayout
cn.smssdk.gui.layout.ContactsListviewItemLayout: ContactsListviewItemLayout()
cn.smssdk.gui.layout.ContactsListviewItemLayout: android.widget.RelativeLayout create(android.content.Context)
cn.smssdk.gui.layout.CountryListPageLayout
cn.smssdk.gui.layout.CountryListPageLayout: CountryListPageLayout(android.content.Context)
cn.smssdk.gui.layout.CountryListPageLayout: void onCreateContent(android.widget.LinearLayout)
cn.smssdk.gui.layout.DrawableHelper
cn.smssdk.gui.layout.DrawableHelper: DrawableHelper()
cn.smssdk.gui.layout.DrawableHelper: android.graphics.drawable.Drawable createCornerBg(android.content.Context)
cn.smssdk.gui.layout.DrawableHelper: android.graphics.drawable.Drawable createCornerBgNormal(android.content.Context)
cn.smssdk.gui.layout.DrawableHelper: android.graphics.drawable.Drawable createCornerBgPressed(android.content.Context)
cn.smssdk.gui.layout.IdentifyNumPageLayout
cn.smssdk.gui.layout.IdentifyNumPageLayout: IdentifyNumPageLayout(android.content.Context)
cn.smssdk.gui.layout.IdentifyNumPageLayout: void onCreateContent(android.widget.LinearLayout)
cn.smssdk.gui.layout.LayoutFactory
cn.smssdk.gui.layout.LayoutFactory: LayoutFactory()
cn.smssdk.gui.layout.LayoutFactory: android.view.ViewGroup create(android.content.Context,java.lang.String)
cn.smssdk.gui.layout.ListviewTitleLayout
cn.smssdk.gui.layout.ListviewTitleLayout: ListviewTitleLayout()
cn.smssdk.gui.layout.ListviewTitleLayout: android.widget.RelativeLayout create(android.content.Context)
cn.smssdk.gui.layout.ProgressDialogLayout
cn.smssdk.gui.layout.ProgressDialogLayout: ProgressDialogLayout()
cn.smssdk.gui.layout.ProgressDialogLayout: android.widget.LinearLayout create(android.content.Context)
cn.smssdk.gui.layout.RegisterPageLayout
cn.smssdk.gui.layout.RegisterPageLayout: RegisterPageLayout(android.content.Context)
cn.smssdk.gui.layout.RegisterPageLayout: void onCreateContent(android.widget.LinearLayout)
cn.smssdk.gui.layout.Res
cn.smssdk.gui.layout.Res: Res()
cn.smssdk.gui.layout.Res$color
cn.smssdk.gui.layout.Res$color: int smssdk_white
cn.smssdk.gui.layout.Res$color: int smssdk_gray_press
cn.smssdk.gui.layout.Res$color: int smssdk_transparent
cn.smssdk.gui.layout.Res$color: int smssdk_lv_tv_color
cn.smssdk.gui.layout.Res$color: int smssdk_lv_title_color
cn.smssdk.gui.layout.Res$color: int smssdk_lv_item_selector
cn.smssdk.gui.layout.Res$color: int smssdk_lv_item_divider
cn.smssdk.gui.layout.Res$color: int smssdk_black
cn.smssdk.gui.layout.Res$color: int smssdk_gray
cn.smssdk.gui.layout.Res$color: Res$color()