proguard/mapping.txt
com.mob.tools.log.NativeErrorHandler -> com.mob.tools.log.NativeErrorHandler:
    int MAX_LOG_SIZE -> MAX_LOG_SIZE
    boolean enable -> enable
    boolean prepare(android.content.Context) -> prepare
    java.lang.String getCachePath(android.content.Context) -> getCachePath
    void nativePrepare(java.lang.String) -> nativePrepare
    void uploadCreashLog(java.lang.String) -> uploadCreashLog
    java.util.ArrayList parseIndex(java.lang.String) -> parseIndex
    java.lang.String parseLog(java.lang.String,com.mob.tools.log.NativeErrorHandler$NativeCrashInfo) -> parseLog
com.mob.tools.log.NativeErrorHandler$1 -> com.mob.tools.log.NativeErrorHandler$1:
com.mob.tools.log.NativeErrorHandler$NativeCrashInfo -> com.mob.tools.log.NativeErrorHandler$NativeCrashInfo:
    long time -> time
    int signal -> signal
com.mob.tools.network.BufferedByteArrayOutputStream -> com.mob.tools.network.BufferedByteArrayOutputStream:
    boolean switchBuffer(byte[]) -> switchBuffer
    byte[] getBuffer() -> getBuffer
    int getBufferSize() -> getBufferSize
    void write(java.nio.ByteBuffer,int) -> write
com.mob.tools.network.ByteArrayPart -> com.mob.tools.network.ByteArrayPart:
    com.mob.tools.network.BufferedByteArrayOutputStream buffer -> buffer
    com.mob.tools.network.ByteArrayPart append(byte[]) -> append
    java.io.InputStream getInputStream() -> getInputStream
    java.lang.String toString() -> toString
    long length() -> length
com.mob.tools.network.ByteCounterInputStream -> com.mob.tools.network.ByteCounterInputStream:
    java.io.InputStream is -> is
    long readBytes -> readBytes
    com.mob.tools.network.OnReadListener listener -> listener
    int read() -> read
    int read(byte[],int,int) -> read
    void mark(int) -> mark
    boolean markSupported() -> markSupported
    void reset() -> reset
    long skip(long) -> skip
    int available() -> available
    void close() -> close
    void setOnInputStreamReadListener(com.mob.tools.network.OnReadListener) -> setOnInputStreamReadListener
com.mob.tools.network.FilePart -> com.mob.tools.network.FilePart:
    java.io.File file -> file
    void setFile(java.io.File) -> setFile
    void setFile(java.lang.String) -> setFile
    java.io.InputStream getInputStream() -> getInputStream
    java.lang.String toString() -> toString
    long length() -> length
com.mob.tools.network.HTTPPart -> com.mob.tools.network.HTTPPart:
    long offset -> offset
    com.mob.tools.network.OnReadListener listener -> listener
    java.io.InputStream getInputStream() -> getInputStream
    long length() -> length
    void setOffset(long) -> setOffset
    java.io.InputStream toInputStream() -> toInputStream
    java.lang.Object getInputStreamEntity() -> getInputStreamEntity
    void setOnReadListener(com.mob.tools.network.OnReadListener) -> setOnReadListener
com.mob.tools.network.HttpConnection -> com.mob.tools.network.HttpConnection:
    int getResponseCode() -> getResponseCode
    java.io.InputStream getInputStream() -> getInputStream
    java.io.InputStream getErrorStream() -> getErrorStream
    java.util.Map getHeaderFields() -> getHeaderFields
com.mob.tools.network.HttpConnectionImpl -> com.mob.tools.network.HttpConnectionImpl:
    org.apache.http.HttpResponse response -> response
    int getResponseCode() -> getResponseCode
    java.io.InputStream getInputStream() -> getInputStream
    java.io.InputStream getErrorStream() -> getErrorStream
    java.util.Map getHeaderFields() -> getHeaderFields
com.mob.tools.network.HttpConnectionImpl23 -> com.mob.tools.network.HttpConnectionImpl23:
    java.net.HttpURLConnection conn -> conn
    int getResponseCode() -> getResponseCode
    java.io.InputStream getInputStream() -> getInputStream
    java.io.InputStream getErrorStream() -> getErrorStream
    java.util.Map getHeaderFields() -> getHeaderFields
com.mob.tools.network.HttpPatch -> com.mob.tools.network.HttpPatch:
    java.lang.String METHOD_NAME -> METHOD_NAME
    java.lang.String getMethod() -> getMethod