proguard/usage.txt
org.apache.http.client.utils.Idn
org.apache.http.client.utils.JdkIdn
org.apache.http.client.utils.Punycode
org.apache.http.client.utils.Rfc3492Idn
org.apache.http.client.utils.URIBuilder
org.apache.http.client.utils.URIUtilsHC4
org.apache.http.client.utils.URLEncodedUtilsHC4
org.apache.http.concurrent.BasicFuture
org.apache.http.concurrent.Cancellable
org.apache.http.concurrent.FutureCallback
org.apache.http.config.ConnectionConfig
org.apache.http.config.ConnectionConfig$Builder
org.apache.http.config.Lookup
org.apache.http.config.MessageConstraints
org.apache.http.config.MessageConstraints$Builder
org.apache.http.config.Registry
org.apache.http.config.RegistryBuilder
org.apache.http.config.SocketConfig
org.apache.http.config.SocketConfig$Builder
org.apache.http.conn.ConnectionRequest
org.apache.http.conn.DnsResolver
org.apache.http.conn.EofSensorInputStreamHC4
org.apache.http.conn.HttpClientConnectionManager
org.apache.http.conn.HttpConnectionFactory
org.apache.http.conn.HttpInetSocketAddress
org.apache.http.conn.HttpRoutedConnection
org.apache.http.conn.ManagedHttpClientConnection
org.apache.http.conn.SchemePortResolver
org.apache.http.conn.UnsupportedSchemeException
org.apache.http.conn.scheme.LayeredSchemeSocketFactory
org.apache.http.conn.scheme.LayeredSocketFactoryAdaptor
org.apache.http.conn.scheme.SchemeLayeredSocketFactory
org.apache.http.conn.scheme.SchemeLayeredSocketFactoryAdaptor
org.apache.http.conn.scheme.SchemeLayeredSocketFactoryAdaptor2
org.apache.http.conn.scheme.SchemeSocketFactory
org.apache.http.conn.scheme.SchemeSocketFactoryAdaptor
org.apache.http.conn.scheme.SocketFactoryAdaptor
org.apache.http.conn.socket.ConnectionSocketFactory
org.apache.http.conn.socket.LayeredConnectionSocketFactory
org.apache.http.conn.socket.PlainConnectionSocketFactory
org.apache.http.conn.ssl.AbstractVerifierHC4
org.apache.http.conn.ssl.AllowAllHostnameVerifierHC4
org.apache.http.conn.ssl.BrowserCompatHostnameVerifierHC4
org.apache.http.conn.ssl.DistinguishedNameParser
org.apache.http.conn.ssl.DistinguishedNameParser$InternalTokenParser
org.apache.http.conn.ssl.PrivateKeyDetails
org.apache.http.conn.ssl.PrivateKeyStrategy
org.apache.http.conn.ssl.SSLConnectionSocketFactory
org.apache.http.conn.ssl.SSLContextBuilder
org.apache.http.conn.ssl.SSLContextBuilder$KeyManagerDelegate
org.apache.http.conn.ssl.SSLContextBuilder$TrustManagerDelegate
org.apache.http.conn.ssl.SSLContexts
org.apache.http.conn.ssl.SSLInitializationException
org.apache.http.conn.ssl.StrictHostnameVerifierHC4
org.apache.http.conn.ssl.TokenParser
org.apache.http.conn.ssl.TrustSelfSignedStrategy
org.apache.http.conn.ssl.TrustStrategy
org.apache.http.conn.util.InetAddressUtilsHC4
org.apache.http.cookie.CookieRestrictionViolationException
org.apache.http.cookie.CookieSpecProvider
org.apache.http.entity.AbstractHttpEntityHC4
org.apache.http.entity.BasicHttpEntityHC4
org.apache.http.entity.BufferedHttpEntityHC4
org.apache.http.entity.ByteArrayEntityHC4
org.apache.http.entity.ContentType:
    private static final long serialVersionUID
    107:112:ContentType(java.lang.String,org.apache.http.NameValuePair[])
    126:135:public java.lang.String getParameter(java.lang.String)
    188:188:public static org.apache.http.entity.ContentType create(java.lang.String)
    204:204:public static org.apache.http.entity.ContentType create(java.lang.String,java.lang.String)
    208:210:private static org.apache.http.entity.ContentType create(org.apache.http.HeaderElement)
    225:233:public static org.apache.http.entity.ContentType parse(java.lang.String)
    251:261:public static org.apache.http.entity.ContentType get(org.apache.http.HttpEntity)
    277:278:public static org.apache.http.entity.ContentType getOrDefault(org.apache.http.HttpEntity)
    289:289:public org.apache.http.entity.ContentType withCharset(java.nio.charset.Charset)
    302:302:public org.apache.http.entity.ContentType withCharset(java.lang.String)
org.apache.http.entity.FileEntityHC4